<?xml version="1.0" encoding="UTF-8"?>
<!-- Generated by org.testng.reporters.JUnitReportReporter -->
<testsuite hostname="FC080-NEW" name="com.hrm.scripts.SearchButtonVisibleTest" tests="1" failures="0" timestamp="1 Mar 2017 07:39:21 GMT" time="79.432" errors="0">
  <testcase name="searchButtonVisible" time="79.432" classname="com.hrm.scripts.SearchButtonVisibleTest"/>
</testsuite> <!-- com.hrm.scripts.SearchButtonVisibleTest -->
