<?xml version="1.0" encoding="UTF-8"?>
<!-- Generated by org.testng.reporters.JUnitReportReporter -->
<testsuite hostname="FC080-NEW" name="com.hrm.scripts.UploadEmpDetailsAndVerify" tests="1" failures="0" timestamp="2 Mar 2017 11:37:01 GMT" time="23.723" errors="0">
  <testcase name="testUploadEmpDetailsAndVerify" time="23.723" classname="com.hrm.scripts.UploadEmpDetailsAndVerify"/>
</testsuite> <!-- com.hrm.scripts.UploadEmpDetailsAndVerify -->
