<?xml version="1.0" encoding="UTF-8"?>
<!-- Generated by org.testng.reporters.JUnitReportReporter -->
<testsuite hostname="FC080-NEW" name="com.hrm.scripts.JobTitleSortDuplicateTest" tests="1" failures="0" timestamp="1 Mar 2017 07:39:21 GMT" time="30.969" errors="0">
  <testcase name="jobTitleSort" time="30.969" classname="com.hrm.scripts.JobTitleSortDuplicateTest"/>
</testsuite> <!-- com.hrm.scripts.JobTitleSortDuplicateTest -->
