<?xml version="1.0" encoding="UTF-8"?>
<!-- Generated by org.testng.reporters.JUnitReportReporter -->
<testsuite hostname="FC080-NEW" name="com.hrm.scripts.EmpAddDelete" tests="1" failures="0" timestamp="1 Mar 2017 07:39:21 GMT" time="41.443" errors="0">
  <testcase name="testEmpAddDelete" time="41.443" classname="com.hrm.scripts.EmpAddDelete"/>
</testsuite> <!-- com.hrm.scripts.EmpAddDelete -->
