<?xml version="1.0" encoding="UTF-8"?>
<!-- Generated by org.testng.reporters.JUnitReportReporter -->
<testsuite hostname="FC080-NEW" name="com.hrm.scripts.LoginLogoutTest" tests="1" failures="0" timestamp="1 Mar 2017 07:39:21 GMT" time="13.149" errors="0">
  <testcase name="testAutoLoginLogout" time="13.149" classname="com.hrm.scripts.LoginLogoutTest"/>
</testsuite> <!-- com.hrm.scripts.LoginLogoutTest -->
