<?xml version="1.0" encoding="UTF-8"?>
<!-- Generated by org.testng.reporters.JUnitReportReporter -->
<testsuite hostname="FC080-NEW" name="com.hrm.scripts.AssignLeaveFromDateDefaultSelectDate" tests="1" failures="0" timestamp="3 Mar 2017 10:50:22 GMT" time="23.621" errors="0">
  <testcase name="testAssignLeaveFromDateDefaultSelectDate" time="23.621" classname="com.hrm.scripts.AssignLeaveFromDateDefaultSelectDate"/>
</testsuite> <!-- com.hrm.scripts.AssignLeaveFromDateDefaultSelectDate -->
