<?xml version="1.0" encoding="UTF-8"?>
<!-- Generated by org.testng.reporters.JUnitReportReporter -->
<testsuite hostname="FC080-NEW" name="com.hrm.scripts.CreateDeleteMultipleEmployee" tests="1" failures="0" timestamp="13 Mar 2017 12:37:50 GMT" time="19.919" errors="0">
  <testcase name="testEmpAddDelete" time="19.919" classname="com.hrm.scripts.CreateDeleteMultipleEmployee"/>
</testsuite> <!-- com.hrm.scripts.CreateDeleteMultipleEmployee -->
