<?xml version="1.0" encoding="UTF-8"?>
<!-- Generated by org.testng.reporters.JUnitReportReporter -->
<testsuite hostname="FC080-NEW" name="com.hrm.scripts.LanguageAndFontHelpTest" tests="1" failures="0" timestamp="1 Mar 2017 13:36:27 GMT" time="17.541" errors="0">
  <testcase name="languageAndFontHelpTest" time="17.541" classname="com.hrm.scripts.LanguageAndFontHelpTest"/>
</testsuite> <!-- com.hrm.scripts.LanguageAndFontHelpTest -->
