<?xml version="1.0" encoding="UTF-8"?>
<!-- Generated by org.testng.reporters.JUnitReportReporter -->
<testsuite hostname="FC080-NEW" name="com.hrm.scripts.LanguageAndFontHelpTest" tests="1" failures="0" timestamp="30 Mar 2017 07:24:36 GMT" time="61.467" errors="0">
  <testcase name="languageAndFontHelpTest" time="61.467" classname="com.hrm.scripts.LanguageAndFontHelpTest"/>
</testsuite> <!-- com.hrm.scripts.LanguageAndFontHelpTest -->
