<?xml version="1.0" encoding="UTF-8"?>
<!-- Generated by org.testng.reporters.JUnitReportReporter -->
<testsuite hostname="FC080-NEW" name="com.hrm.scripts.AddEmpInSystemUserAndVerify" tests="1" failures="0" timestamp="3 Mar 2017 13:39:22 GMT" time="21.232" errors="0">
  <testcase name="testAddEmpInSystemUserAndVerify" time="21.232" classname="com.hrm.scripts.AddEmpInSystemUserAndVerify"/>
</testsuite> <!-- com.hrm.scripts.AddEmpInSystemUserAndVerify -->
