<?xml version="1.0" encoding="UTF-8"?>
<!-- Generated by org.testng.reporters.JUnitReportReporter -->
<testsuite hostname="FC080-NEW" name="com.hrm.scripts.CreateDeleteEmp" tests="1" failures="0" timestamp="27 Feb 2017 03:27:14 GMT" time="38.985" errors="0">
  <testcase name="testCreateDeleteEmp" time="38.985" classname="com.hrm.scripts.CreateDeleteEmp"/>
</testsuite> <!-- com.hrm.scripts.CreateDeleteEmp -->
