<?xml version="1.0" encoding="UTF-8"?>
<!-- Generated by org.testng.reporters.JUnitReportReporter -->
<testsuite hostname="FC080-NEW" name="com.hrm.scripts.TestJobTitle" tests="1" failures="0" timestamp="23 Feb 2017 06:26:23 GMT" time="15.225" errors="0">
  <testcase name="testJobTitle" time="15.225" classname="com.hrm.scripts.TestJobTitle"/>
</testsuite> <!-- com.hrm.scripts.TestJobTitle -->
