<?xml version="1.0" encoding="UTF-8"?>
<!-- Generated by org.testng.reporters.JUnitReportReporter -->
<testsuite hostname="FC080-NEW" name="com.hrm.scripts.VerifyHideOptionsToolTip" tests="1" failures="0" timestamp="6 Mar 2017 07:43:57 GMT" time="22.916" errors="0">
  <testcase name="testVerifyHideOptionsToolTip" time="22.916" classname="com.hrm.scripts.VerifyHideOptionsToolTip"/>
</testsuite> <!-- com.hrm.scripts.VerifyHideOptionsToolTip -->
